<?xml version="1.0" encoding="UTF-8"?>
<!-- Generated by org.testng.reporters.JUnitReportReporter -->
<testsuite hostname="DLDA0016" name="testCases" tests="3" failures="0" timestamp="3 Jul 2018 06:26:53 GMT" time="7.422" errors="0">
  <testcase name="CourseSelect" time="0.204" classname="testCases"/>
  <testcase name="GoToCorrectMenu" time="0.167" classname="testCases"/>
  <testcase name="DetailsInDataBase" time="7.051" classname="testCases"/>
</testsuite> <!-- testCases -->
